<?xml version="1.0" encoding="UTF-8"?>
<!-- Generated by org.testng.reporters.JUnitXMLReporter -->
<testsuite ignored="0" hostname="KEVAL" failures="0" tests="3" name="OrangeHRM Tests" time="58.78" errors="0" timestamp="2026-08-18T16:27:43 IST">
  <testcase classname="testselenium.tests.DashboardOrangeTest" name="dashboardActions" time="12.928"/>
  <testcase classname="testselenium.tests.DashboardOrangeTest" name="dashboardActions" time="15.75"/>
  <testcase classname="testselenium.tests.DashboardOrangeTest" name="dashboardActions" time="16.858"/>
</testsuite> <!-- OrangeHRM Tests -->
