<?xml version="1.0" encoding="UTF-8"?>
<!-- Generated by org.testng.reporters.JUnitReportReporter -->
<testsuite hostname="KEVAL" failures="0" tests="3" name="testselenium.tests.DashboardOrangeTest" time="58.738" errors="0" timestamp="2026-08-18T16:27:43 IST" skipped="0">
  <testcase classname="testselenium.tests.DashboardOrangeTest" name="dashboardActions" time="19.792"/>
  <testcase classname="testselenium.tests.DashboardOrangeTest" name="dashboardActions" time="21.147"/>
  <testcase classname="testselenium.tests.DashboardOrangeTest" name="dashboardActions" time="17.799"/>
</testsuite> <!-- testselenium.tests.DashboardOrangeTest -->
