<?xml version="1.0" encoding="UTF-8"?>
<!-- Generated by org.testng.reporters.JUnitReportReporter -->
<testsuite hostname="KEVAL" failures="0" tests="2" name="testselenium.tests.ShoppingLoginTest" time="21.507" errors="0" timestamp="2026-08-31T12:57:58 IST" skipped="0">
  <testcase classname="testselenium.tests.ShoppingLoginTest" name="login" time="11.086"/>
  <testcase classname="testselenium.tests.ShoppingLoginTest" name="invalidLogin" time="10.421"/>
</testsuite> <!-- testselenium.tests.ShoppingLoginTest -->
