<?xml version="1.0" encoding="UTF-8"?>
<!-- Generated by org.testng.reporters.JUnitReportReporter -->
<testsuite hostname="KEVAL" failures="0" tests="5" name="testselenium.cucumber.runner.TestRunner" time="44.881" errors="0" timestamp="2026-09-01T11:54:02 IST" skipped="0">
  <testcase classname="testselenium.cucumber.runner.TestRunner" name="runScenario" time="9.936"/>
  <testcase classname="testselenium.cucumber.runner.TestRunner" name="runScenario" time="7.542"/>
  <testcase classname="testselenium.cucumber.runner.TestRunner" name="runScenario" time="9.325"/>
  <testcase classname="testselenium.cucumber.runner.TestRunner" name="runScenario" time="9.006"/>
  <testcase classname="testselenium.cucumber.runner.TestRunner" name="runScenario" time="9.072"/>
</testsuite> <!-- testselenium.cucumber.runner.TestRunner -->
