<?xml version="1.0" encoding="UTF-8"?>
<!-- Generated by org.testng.reporters.JUnitReportReporter -->
<testsuite hostname="KEVAL" failures="0" tests="2" name="testselenium.tests.OrangeLoginTest" time="22.629" errors="0" timestamp="2026-08-18T15:49:39 IST" skipped="0">
  <testcase classname="testselenium.tests.OrangeLoginTest" name="login" time="8.655"/>
  <testcase classname="testselenium.tests.OrangeLoginTest" name="invalidLoginCredentials" time="13.974"/>
</testsuite> <!-- testselenium.tests.OrangeLoginTest -->
