<?xml version="1.0" encoding="UTF-8"?>
<!-- Generated by org.testng.reporters.JUnitReportReporter -->
<testsuite hostname="KEVAL" failures="0" tests="3" name="testselenium.tests.ShoppingProductTest" time="149.570" errors="0" timestamp="2026-08-31T15:14:44 IST" skipped="0">
  <testcase classname="testselenium.tests.ShoppingProductTest" name="searchInvalidProduct" time="77.400"/>
  <testcase classname="testselenium.tests.ShoppingProductTest" name="productPageActions" time="55.364"/>
  <testcase classname="testselenium.tests.ShoppingProductTest" name="checkBrandProducts" time="16.806"/>
</testsuite> <!-- testselenium.tests.ShoppingProductTest -->
