<?xml version="1.0" encoding="UTF-8"?>
<testng-results ignored="0" total="5" passed="5" failed="0" skipped="0">
  <reporter-output>
  </reporter-output>
  <suite started-at="2026-09-01T11:53:17 IST" name="Default suite" finished-at="2026-09-01T11:54:02 IST" duration-ms="45327">
    <groups>
      <group name="cucumber">
        <method signature="AbstractTestNGCucumberTests.runScenario(io.cucumber.testng.PickleWrapper,io.cucumber.testng.FeatureWrapper)[pri:0, instance:testselenium.cucumber.runner.TestRunner@37271612]" name="runScenario" class="io.cucumber.testng.AbstractTestNGCucumberTests"/>
      </group> <!-- cucumber -->
    </groups>
    <test started-at="2026-09-01T11:53:17 IST" name="Default test" finished-at="2026-09-01T11:54:02 IST" duration-ms="45327">
      <class name="testselenium.cucumber.runner.TestRunner">
        <test-method is-config="true" signature="setUpClass(org.testng.ITestContext)[pri:0, instance:testselenium.cucumber.runner.TestRunner@37271612]" started-at="2026-09-01T11:53:17 IST" name="setUpClass" finished-at="2026-09-01T11:53:17 IST" duration-ms="386" status="PASS">
          <params>
            <param index="0">
              <value>
                <![CDATA[org.testng.TestRunner@2db2a05f]]>
              </value>
            </param>
          </params>
          <reporter-output>
          </reporter-output>
        </test-method> <!-- setUpClass -->
        <test-method signature="runScenario(io.cucumber.testng.PickleWrapper,io.cucumber.testng.FeatureWrapper)[pri:0, instance:testselenium.cucumber.runner.TestRunner@37271612]" started-at="2026-09-01T11:53:17 IST" name="runScenario" description="Runs Cucumber Scenarios" data-provider="scenarios" finished-at="2026-09-01T11:53:26 IST" duration-ms="9325" status="PASS">
          <params>
            <param index="0">
              <value>
                <![CDATA["Login with valid data"]]>
              </value>
            </param>
            <param index="1">
              <value>
                <![CDATA["Login Orange Page"]]>
              </value>
            </param>
          </params>
          <reporter-output>
          </reporter-output>
        </test-method> <!-- runScenario -->
        <test-method signature="runScenario(io.cucumber.testng.PickleWrapper,io.cucumber.testng.FeatureWrapper)[pri:0, instance:testselenium.cucumber.runner.TestRunner@37271612]" started-at="2026-09-01T11:53:26 IST" name="runScenario" description="Runs Cucumber Scenarios" data-provider="scenarios" finished-at="2026-09-01T11:53:35 IST" duration-ms="9072" status="PASS">
          <params>
            <param index="0">
              <value>
                <![CDATA["Login with Invalid data"]]>
              </value>
            </param>
            <param index="1">
              <value>
                <![CDATA["Invalid Login Orange Page"]]>
              </value>
            </param>
          </params>
          <reporter-output>
          </reporter-output>
        </test-method> <!-- runScenario -->
        <test-method signature="runScenario(io.cucumber.testng.PickleWrapper,io.cucumber.testng.FeatureWrapper)[pri:0, instance:testselenium.cucumber.runner.TestRunner@37271612]" started-at="2026-09-01T11:53:35 IST" name="runScenario" description="Runs Cucumber Scenarios" data-provider="scenarios" finished-at="2026-09-01T11:53:43 IST" duration-ms="7542" status="PASS">
          <params>
            <param index="0">
              <value>
                <![CDATA["New User successful registration"]]>
              </value>
            </param>
            <param index="1">
              <value>
                <![CDATA["Add New User"]]>
              </value>
            </param>
          </params>
          <reporter-output>
          </reporter-output>
        </test-method> <!-- runScenario -->
        <test-method signature="runScenario(io.cucumber.testng.PickleWrapper,io.cucumber.testng.FeatureWrapper)[pri:0, instance:testselenium.cucumber.runner.TestRunner@37271612]" started-at="2026-09-01T11:53:43 IST" name="runScenario" description="Runs Cucumber Scenarios" data-provider="scenarios" finished-at="2026-09-01T11:53:53 IST" duration-ms="9936" status="PASS">
          <params>
            <param index="0">
              <value>
                <![CDATA["Login with valid data"]]>
              </value>
            </param>
            <param index="1">
              <value>
                <![CDATA["login on shopping page"]]>
              </value>
            </param>
          </params>
          <reporter-output>
          </reporter-output>
        </test-method> <!-- runScenario -->
        <test-method signature="runScenario(io.cucumber.testng.PickleWrapper,io.cucumber.testng.FeatureWrapper)[pri:0, instance:testselenium.cucumber.runner.TestRunner@37271612]" started-at="2026-09-01T11:53:53 IST" name="runScenario" description="Runs Cucumber Scenarios" data-provider="scenarios" finished-at="2026-09-01T11:54:02 IST" duration-ms="9006" status="PASS">
          <params>
            <param index="0">
              <value>
                <![CDATA["Login with invalid data"]]>
              </value>
            </param>
            <param index="1">
              <value>
                <![CDATA["login on shopping page"]]>
              </value>
            </param>
          </params>
          <reporter-output>
          </reporter-output>
        </test-method> <!-- runScenario -->
        <test-method is-config="true" signature="tearDownClass()[pri:0, instance:testselenium.cucumber.runner.TestRunner@37271612]" started-at="2026-09-01T11:54:02 IST" name="tearDownClass" finished-at="2026-09-01T11:54:02 IST" duration-ms="19" status="PASS">
          <reporter-output>
          </reporter-output>
        </test-method> <!-- tearDownClass -->
      </class> <!-- testselenium.cucumber.runner.TestRunner -->
    </test> <!-- Default test -->
  </suite> <!-- Default suite -->
</testng-results>
