<?xml version="1.0" encoding="UTF-8"?>
<testng-results ignored="0" total="1" passed="1" failed="0" skipped="0">
  <reporter-output>
  </reporter-output>
  <suite started-at="2026-08-26T16:39:49 IST" name="Default suite" finished-at="2026-08-26T16:40:12 IST" duration-ms="22913">
    <groups>
    </groups>
    <test started-at="2026-08-26T16:39:49 IST" name="Default test" finished-at="2026-08-26T16:40:12 IST" duration-ms="22913">
      <class name="testselenium.tests.ShoppingTest">
        <test-method is-config="true" signature="setUp()[pri:0, instance:testselenium.tests.ShoppingTest@2aceadd4]" started-at="2026-08-26T16:39:49 IST" name="setUp" finished-at="2026-08-26T16:39:55 IST" duration-ms="6742" status="PASS">
          <reporter-output>
          </reporter-output>
        </test-method> <!-- setUp -->
        <test-method signature="selectProduct()[pri:0, instance:testselenium.tests.ShoppingTest@2aceadd4]" started-at="2026-08-26T16:39:55 IST" name="selectProduct" finished-at="2026-08-26T16:40:11 IST" duration-ms="15770" status="PASS">
          <reporter-output>
          </reporter-output>
        </test-method> <!-- selectProduct -->
        <test-method is-config="true" signature="tearDown()[pri:0, instance:testselenium.tests.ShoppingTest@2aceadd4]" started-at="2026-08-26T16:40:11 IST" name="tearDown" finished-at="2026-08-26T16:40:12 IST" duration-ms="365" status="PASS">
          <reporter-output>
          </reporter-output>
        </test-method> <!-- tearDown -->
      </class> <!-- testselenium.tests.ShoppingTest -->
    </test> <!-- Default test -->
  </suite> <!-- Default suite -->
</testng-results>
